<?xml version="1.0" encoding="UTF-8"?>
<!-- Generated by org.testng.reporters.JUnitReportReporter -->
<testsuite hostname="Oscar-G" failures="0" tests="1" name="tests.FlowsShoppingCart" time="0.577" errors="0" timestamp="2024-02-04T23:51:26 COT" skipped="0">
  <testcase classname="tests.FlowsShoppingCart" name="deleteCartProducts" time="0.577"/>
  <system-out/>
</testsuite> <!-- tests.FlowsShoppingCart -->
